\BOOKMARK [0][-]{section*.1}{\376\377\144\130\211\201}{}% 1
\BOOKMARK [0][-]{section*.2}{\376\377\000A\000b\000s\000t\000r\000a\000c\000t}{}% 2
\BOOKMARK [0][-]{section*.3}{\376\377\166\356\153\041}{}% 3
\BOOKMARK [0][-]{toc.0}{\376\377\166\356\153\041}{}% 4
\BOOKMARK [0][-]{chapter*.5}{\376\377\143\322\126\376\124\214\226\104\210\150\156\005\123\125}{}% 5
\BOOKMARK [0][-]{chapter*.6}{\376\377\116\073\211\201\173\046\123\367\154\350\221\312\210\150}{}% 6
\BOOKMARK [0][-]{chapter*.7}{\376\377\147\057\213\355\210\150}{}% 7
\BOOKMARK [0][-]{chapter.1}{\376\377\173\054\0001\172\340\000\040\137\353\220\037\116\012\142\113}{}% 8
\BOOKMARK [1][-]{section.1.1}{\376\377\0001\000.\0001\000\040\153\042\217\316}{chapter.1}% 9
\BOOKMARK [1][-]{section.1.2}{\376\377\0001\000.\0002\000\040\000L\000a\000T\000e\000X\163\257\130\203\121\306\131\007}{chapter.1}% 10
\BOOKMARK [1][-]{section.1.3}{\376\377\0001\000.\0003\000\040\152\041\147\177\117\177\165\050}{chapter.1}% 11
\BOOKMARK [2][-]{subsection.1.3.1}{\376\377\0001\000.\0003\000.\0001\000\040\135\345\117\134\155\101}{section.1.3}% 12
\BOOKMARK [2][-]{subsection.1.3.2}{\376\377\0001\000.\0003\000.\0002\000\040\211\306\211\311\213\306\122\053\174\373\176\337\126\376\150\007}{section.1.3}% 13
\BOOKMARK [1][-]{section.1.4}{\376\377\0001\000.\0004\000\040\137\000\131\313\121\231\117\134}{chapter.1}% 14
\BOOKMARK [1][-]{section.1.5}{\376\377\0001\000.\0005\000\040\142\123\123\160\213\272\145\207}{chapter.1}% 15
\BOOKMARK [0][-]{chapter.2}{\376\377\173\054\0002\172\340\000\040\143\322\126\376\116\016\210\150\150\074}{}% 16
\BOOKMARK [1][-]{section.2.1}{\376\377\0002\000.\0001\000\040\143\322\126\376}{chapter.2}% 17
\BOOKMARK [2][-]{subsection.2.1.1}{\376\377\0002\000.\0001\000.\0001\000\040\126\376\162\107\150\074\137\017}{section.2.1}% 18
\BOOKMARK [2][-]{subsection.2.1.2}{\376\377\0002\000.\0001\000.\0002\000\040\143\322\126\376\155\156\122\250\117\123}{section.2.1}% 19
\BOOKMARK [2][-]{subsection.2.1.3}{\376\377\0002\000.\0001\000.\0003\000\040\133\120\126\376\143\222\162\110}{section.2.1}% 20
\BOOKMARK [2][-]{subsection.2.1.4}{\376\377\0002\000.\0001\000.\0004\000\040\123\314\213\355\230\230\154\350\143\222\162\110}{section.2.1}% 21
\BOOKMARK [2][-]{subsection.2.1.5}{\376\377\0002\000.\0001\000.\0005\000\040\215\205\133\275\143\322\126\376\143\222\162\110\000\050\123\147\126\376\000\051}{section.2.1}% 22
\BOOKMARK [1][-]{section.2.2}{\376\377\0002\000.\0002\000\040\210\150\150\074}{chapter.2}% 23
\BOOKMARK [2][-]{subsection.2.2.1}{\376\377\0002\000.\0002\000.\0001\000\040\121\205\177\156\210\150\150\074\143\222\162\110\163\257\130\203}{section.2.2}% 24
\BOOKMARK [2][-]{subsection.2.2.2}{\376\377\0002\000.\0002\000.\0002\000\040\210\150\150\074\155\156\122\250\117\123}{section.2.2}% 25
\BOOKMARK [2][-]{subsection.2.2.3}{\376\377\0002\000.\0002\000.\0003\000\040\215\350\230\165\225\177\210\150\150\074}{section.2.2}% 26
\BOOKMARK [2][-]{subsection.2.2.4}{\376\377\0002\000.\0002\000.\0004\000\040\210\150\150\074\166\204\123\314\213\355\230\230\154\350}{section.2.2}% 27
\BOOKMARK [2][-]{subsection.2.2.5}{\376\377\0002\000.\0002\000.\0005\000\040\215\205\133\275\210\150\150\074\143\222\162\110\000\050\123\147\210\150\000\051}{section.2.2}% 28
\BOOKMARK [2][-]{subsection.2.2.6}{\376\377\0002\000.\0002\000.\0006\000\040\210\150\150\074\201\352\122\250\165\037\142\020}{section.2.2}% 29
\BOOKMARK [1][-]{section.2.3}{\376\377\0002\000.\0003\000\040\165\050\000t\000a\000b\000u\000l\000a\000r\000r\000a\000y\133\217\123\005\143\222\162\110\210\150\150\074}{chapter.2}% 30
\BOOKMARK [2][-]{subsection.2.3.1}{\376\377\0002\000.\0003\000.\0001\000\040\165\050\000t\000b\000l\000r\163\257\130\203\143\222\162\110\173\200\123\125\210\150\150\074}{section.2.3}% 31
\BOOKMARK [2][-]{subsection.2.3.2}{\376\377\0002\000.\0003\000.\0002\000\040\165\050\000l\000o\000n\000g\000t\000b\000l\000r\163\257\130\203\143\222\162\110\215\350\230\165\225\177\210\150\150\074}{section.2.3}% 32
\BOOKMARK [2][-]{subsection.2.3.3}{\376\377\0002\000.\0003\000.\0003\000\040\165\050\000b\000o\000o\000k\000t\000a\000b\000s\163\257\130\203\116\011\176\277\210\150}{section.2.3}% 33
\BOOKMARK [1][-]{section.2.4}{\376\377\0002\000.\0004\000\040\116\072\210\150\150\074\155\373\122\240\145\160\143\156\147\145\156\220\213\364\146\016}{chapter.2}% 34
\BOOKMARK [2][-]{subsection.2.4.1}{\376\377\0002\000.\0004\000.\0001\000\040\165\050\000t\000a\000b\000u\000l\000a\000r\000r\000a\000y\133\217\123\005\166\204\000t\000a\000l\000l\000t\000b\000l\000r\163\257\130\203\155\373\122\240\145\160\143\156\147\145\156\220\213\364\146\016}{section.2.4}% 35
\BOOKMARK [2][-]{subsection.2.4.2}{\376\377\0002\000.\0004\000.\0002\000\040\165\050\000t\000h\000r\000e\000e\000p\000a\000r\000t\000t\000a\000b\000l\000e\133\217\123\005\155\373\122\240\145\160\143\156\147\145\156\220\213\364\146\016}{section.2.4}% 36
\BOOKMARK [1][-]{section.2.5}{\376\377\0002\000.\0005\000\040\126\376\210\150\155\156\122\250\117\123}{chapter.2}% 37
\BOOKMARK [1][-]{section.2.6}{\376\377\0002\000.\0006\000\040\145\160\133\127\116\016\126\375\226\105\123\125\117\115}{chapter.2}% 38
\BOOKMARK [1][-]{section.2.7}{\376\377\0002\000.\0007\000\040\116\055\202\361\145\207\116\113\225\364\172\172\150\074}{chapter.2}% 39
\BOOKMARK [0][-]{chapter.3}{\376\377\173\054\0003\172\340\000\040\145\160\133\146\121\154\137\017}{}% 40
\BOOKMARK [1][-]{section.3.1}{\376\377\0003\000.\0001\000\040\133\146\116\140\215\104\156\220}{chapter.3}% 41
\BOOKMARK [1][-]{section.3.2}{\376\377\0003\000.\0002\000\040\121\154\137\017\143\222\162\110\116\016\154\350\211\343}{chapter.3}% 42
\BOOKMARK [1][-]{section.3.3}{\376\377\0003\000.\0003\000\040\152\041\147\177\143\320\117\233\166\204\145\160\133\146\163\257\130\203}{chapter.3}% 43
\BOOKMARK [2][-]{subsection.3.3.1}{\376\377\0003\000.\0003\000.\0001\000\040\000a\000x\000i\000o\000m\121\154\164\006\163\257\130\203}{section.3.3}% 44
\BOOKMARK [2][-]{subsection.3.3.2}{\376\377\0003\000.\0003\000.\0002\000\040\000c\000o\000r\000o\000l\000l\000a\000r\000y\143\250\213\272\163\257\130\203}{section.3.3}% 45
\BOOKMARK [2][-]{subsection.3.3.3}{\376\377\0003\000.\0003\000.\0003\000\040\000d\000e\000f\000i\000n\000i\000t\000i\000o\000n\133\232\116\111\163\257\130\203}{section.3.3}% 46
\BOOKMARK [2][-]{subsection.3.3.4}{\376\377\0003\000.\0003\000.\0004\000\040\000e\000x\000a\000m\000p\000l\000e\171\072\117\213\163\257\130\203}{section.3.3}% 47
\BOOKMARK [2][-]{subsection.3.3.5}{\376\377\0003\000.\0003\000.\0005\000\040\000l\000e\000m\000m\000a\137\025\164\006\163\257\130\203}{section.3.3}% 48
\BOOKMARK [2][-]{subsection.3.3.6}{\376\377\0003\000.\0003\000.\0006\000\040\000p\000r\000o\000o\000f\213\301\146\016\163\257\130\203}{section.3.3}% 49
\BOOKMARK [2][-]{subsection.3.3.7}{\376\377\0003\000.\0003\000.\0007\000\040\000t\000h\000e\000o\000r\000e\000m\133\232\164\006\163\257\130\203}{section.3.3}% 50
\BOOKMARK [1][-]{section.3.4}{\376\377\0003\000.\0004\000\040\116\244\123\311\137\025\165\050}{chapter.3}% 51
\BOOKMARK [0][-]{chapter.4}{\376\377\173\054\0004\172\340\000\040\123\302\200\003\145\207\163\056}{}% 52
\BOOKMARK [1][-]{section.4.1}{\376\377\0004\000.\0001\000\040\153\143\145\207\116\055\123\302\200\003\145\207\163\056\166\204\137\025\165\050}{chapter.4}% 53
\BOOKMARK [2][-]{subsection.4.1.1}{\376\377\0004\000.\0001\000.\0001\000\040\204\127\200\005\117\134\116\072\137\025\165\050\116\073\213\355}{section.4.1}% 54
\BOOKMARK [2][-]{subsection.4.1.2}{\376\377\0004\000.\0001\000.\0002\000\040\143\320\123\312\121\205\133\271\147\052\143\320\123\312\204\127\200\005}{section.4.1}% 55
\BOOKMARK [2][-]{subsection.4.1.3}{\376\377\0004\000.\0001\000.\0003\000\040\124\014\116\000\204\127\200\005\116\015\124\014\136\164\116\375\121\372\162\110\131\032\173\307\145\207\163\056}{section.4.1}% 56
\BOOKMARK [2][-]{subsection.4.1.4}{\376\377\0004\000.\0001\000.\0004\000\040\116\044\204\127\200\005\145\207\163\056}{section.4.1}% 57
\BOOKMARK [2][-]{subsection.4.1.5}{\376\377\0004\000.\0001\000.\0005\000\040\116\011\116\052\116\345\116\012\204\127\200\005\145\207\163\056}{section.4.1}% 58
\BOOKMARK [2][-]{subsection.4.1.6}{\376\377\0004\000.\0001\000.\0006\000\040\124\014\116\000\131\004\137\025\165\050\131\032\173\307\145\207\163\056}{section.4.1}% 59
\BOOKMARK [2][-]{subsection.4.1.7}{\376\377\0004\000.\0001\000.\0007\000\040\131\032\153\041\137\025\165\050\124\014\116\000\204\127\200\005\166\204\124\014\116\000\145\207\163\056}{section.4.1}% 60
\BOOKMARK [1][-]{section.4.2}{\376\377\0004\000.\0002\000\040\123\302\200\003\145\207\163\056\122\027\210\150}{chapter.4}% 61
\BOOKMARK [1][-]{section.4.3}{\376\377\0004\000.\0003\000\040\123\302\200\003\145\207\163\056\145\160\143\156\145\207\116\366\121\306\131\007}{chapter.4}% 62
\BOOKMARK [1][-]{section.4.4}{\376\377\0004\000.\0004\000\040\116\244\123\311\137\025\165\050}{chapter.4}% 63
\BOOKMARK [0][-]{chapter.5}{\376\377\173\054\0005\172\340\000\040\131\032\176\247\150\007\230\230}{}% 64
\BOOKMARK [1][-]{section.5.1}{\376\377\0005\000.\0001\000\040\157\024\171\072\116\000\176\247\150\007\230\230}{chapter.5}% 65
\BOOKMARK [2][-]{subsection.5.1.1}{\376\377\0005\000.\0001\000.\0001\000\040\157\024\171\072\116\214\176\247\150\007\230\230}{section.5.1}% 66
\BOOKMARK [2][-]{subsection.5.1.2}{\376\377\0005\000.\0001\000.\0002\000\040\123\346\116\000\116\052\171\072\116\214\176\247\150\007\230\230}{section.5.1}% 67
\BOOKMARK [1][-]{section.5.2}{\376\377\0005\000.\0002\000\040\157\024\171\072\116\000\176\247\150\007\230\230}{chapter.5}% 68
\BOOKMARK [2][-]{subsection.5.2.1}{\376\377\0005\000.\0002\000.\0001\000\040\157\024\171\072\116\214\176\247\150\007\230\230}{section.5.2}% 69
\BOOKMARK [2][-]{subsection.5.2.2}{\376\377\0005\000.\0002\000.\0002\000\040\123\346\116\000\116\052\171\072\116\214\176\247\150\007\230\230}{section.5.2}% 70
\BOOKMARK [0][-]{chapter.6}{\376\377\173\054\0006\172\340\000\040\176\323\213\272\116\016\134\125\147\033}{}% 71
\BOOKMARK [1][-]{section.6.1}{\376\377\0006\000.\0001\000\040\176\323\147\234}{chapter.6}% 72
\BOOKMARK [1][-]{section.6.2}{\376\377\0006\000.\0002\000\040\134\125\147\033}{chapter.6}% 73
\BOOKMARK [0][-]{chapter*.24}{\376\377\123\302\200\003\145\207\163\056}{}% 74
\BOOKMARK [0][-]{appendix.A}{\376\377\226\104\137\125\000\040\000A\000\040\147\345\221\315\124\214\121\166\116\326\154\350\141\017\116\213\230\171}{}% 75
\BOOKMARK [1][-]{section.A.1}{\376\377\000A\000.\0001\000\040\147\345\221\315}{appendix.A}% 76
\BOOKMARK [1][-]{section.A.2}{\376\377\000A\000.\0002\000\040\142\171\154\350}{appendix.A}% 77
\BOOKMARK [1][-]{section.A.3}{\376\377\000A\000.\0003\000\040\153\325\116\032\213\276\213\241\116\016\153\325\116\032\213\272\145\207\166\204\123\072\122\053}{appendix.A}% 78
\BOOKMARK [1][-]{section.A.4}{\376\377\000A\000.\0004\000\040\123\125\227\142\142\123\123\160\000\046\000\040\123\314\227\142\142\123\123\160}{appendix.A}% 79
\BOOKMARK [1][-]{section.A.5}{\376\377\000A\000.\0005\000\040\134\001\227\142\142\123\123\160\000\046\000\040\210\305\213\242}{appendix.A}% 80
\BOOKMARK [1][-]{section.A.6}{\376\377\000A\000.\0006\000\040\142\171\154\350}{appendix.A}% 81
\BOOKMARK [1][-]{section.A.7}{\376\377\000A\000.\0007\000\040\153\325\116\032\213\276\213\241\116\016\153\325\116\032\213\272\145\207\166\204\123\072\122\053}{appendix.A}% 82
\BOOKMARK [1][-]{section.A.8}{\376\377\000A\000.\0008\000\040\123\125\227\142\142\123\123\160\000\046\000\040\123\314\227\142\142\123\123\160}{appendix.A}% 83
\BOOKMARK [1][-]{section.A.9}{\376\377\000A\000.\0009\000\040\134\001\227\142\142\123\123\160\000\046\000\040\210\305\213\242}{appendix.A}% 84
\BOOKMARK [1][-]{section.A.10}{\376\377\000A\000.\0001\0000\000\040\142\171\154\350}{appendix.A}% 85
\BOOKMARK [1][-]{section.A.11}{\376\377\000A\000.\0001\0001\000\040\153\325\116\032\213\276\213\241\116\016\153\325\116\032\213\272\145\207\166\204\123\072\122\053}{appendix.A}% 86
\BOOKMARK [1][-]{section.A.12}{\376\377\000A\000.\0001\0002\000\040\123\125\227\142\142\123\123\160\000\046\000\040\123\314\227\142\142\123\123\160}{appendix.A}% 87
\BOOKMARK [1][-]{section.A.13}{\376\377\000A\000.\0001\0003\000\040\134\001\227\142\142\123\123\160\000\046\000\040\210\305\213\242}{appendix.A}% 88
\BOOKMARK [1][-]{section.A.14}{\376\377\000A\000.\0001\0004\000\040\142\171\154\350}{appendix.A}% 89
\BOOKMARK [1][-]{section.A.15}{\376\377\000A\000.\0001\0005\000\040\153\325\116\032\213\276\213\241\116\016\153\325\116\032\213\272\145\207\166\204\123\072\122\053}{appendix.A}% 90
\BOOKMARK [1][-]{section.A.16}{\376\377\000A\000.\0001\0006\000\040\123\125\227\142\142\123\123\160\000\046\000\040\123\314\227\142\142\123\123\160}{appendix.A}% 91
\BOOKMARK [1][-]{section.A.17}{\376\377\000A\000.\0001\0007\000\040\134\001\227\142\142\123\123\160\000\046\000\040\210\305\213\242}{appendix.A}% 92
\BOOKMARK [1][-]{section.A.18}{\376\377\000A\000.\0001\0008\000\040\142\171\154\350}{appendix.A}% 93
\BOOKMARK [1][-]{section.A.19}{\376\377\000A\000.\0001\0009\000\040\153\325\116\032\213\276\213\241\116\016\153\325\116\032\213\272\145\207\166\204\123\072\122\053}{appendix.A}% 94
\BOOKMARK [1][-]{section.A.20}{\376\377\000A\000.\0002\0000\000\040\123\125\227\142\142\123\123\160\000\046\000\040\123\314\227\142\142\123\123\160}{appendix.A}% 95
\BOOKMARK [1][-]{section.A.21}{\376\377\000A\000.\0002\0001\000\040\134\001\227\142\142\123\123\160\000\046\000\040\210\305\213\242}{appendix.A}% 96
\BOOKMARK [1][-]{section.A.22}{\376\377\000A\000.\0002\0002\000\040\226\104\137\125\166\204\126\376\210\150}{appendix.A}% 97
\BOOKMARK [1][-]{section.A.23}{\376\377\000A\000.\0002\0003\000\040\226\104\137\125\116\055\166\204\121\154\137\017}{appendix.A}% 98
\BOOKMARK [0][-]{appendix.B}{\376\377\226\104\137\125\000\040\000B\000\040\124\016\213\260}{}% 99
\BOOKMARK [1][-]{section.B.1}{\376\377\000B\000.\0001\000\040\124\020\151\375}{appendix.B}% 100
\BOOKMARK [1][-]{section.B.2}{\376\377\000B\000.\0002\000\040\146\016\131\051}{appendix.B}% 101
\BOOKMARK [1][-]{section.B.3}{\376\377\000B\000.\0003\000\040\124\020\151\375}{appendix.B}% 102
\BOOKMARK [1][-]{section.B.4}{\376\377\000B\000.\0004\000\040\146\016\131\051}{appendix.B}% 103
\BOOKMARK [1][-]{section.B.5}{\376\377\000B\000.\0005\000\040\124\020\151\375}{appendix.B}% 104
\BOOKMARK [1][-]{section.B.6}{\376\377\000B\000.\0006\000\040\146\016\131\051}{appendix.B}% 105
\BOOKMARK [1][-]{section.B.7}{\376\377\000B\000.\0007\000\040\124\020\151\375}{appendix.B}% 106
\BOOKMARK [1][-]{section.B.8}{\376\377\000B\000.\0008\000\040\146\016\131\051}{appendix.B}% 107
\BOOKMARK [1][-]{section.B.9}{\376\377\000B\000.\0009\000\040\124\020\151\375}{appendix.B}% 108
\BOOKMARK [1][-]{section.B.10}{\376\377\000B\000.\0001\0000\000\040\146\016\131\051}{appendix.B}% 109
\BOOKMARK [0][-]{appendix*.27}{\376\377\201\364\214\042}{}% 110
\BOOKMARK [0][-]{appendix*.28}{\376\377\117\134\200\005\173\200\123\206}{}% 111
